-----------------------------  ms5540.pjt - Debug  -----------------------------
[DSP2833x_ADC_cal.asm] "C:\Program Files\C2000 Code Generation Tools 5.0.0 Beta2\bin\cl2000" -g -pdsw225 -fr"E:/My Designs/C/ms5540/Debug" -i"../include" -d"_DEBUG" -d"LARGE_MODEL" -ml -v28 --float_support=fpu32 -@"../Debug.lkf" "DSP2833x_ADC_cal.asm"

[DSP2833x_CodeStartBranch.asm] "C:\Program Files\C2000 Code Generation Tools 5.0.0 Beta2\bin\cl2000" -g -pdsw225 -fr"E:/My Designs/C/ms5540/Debug" -i"../include" -d"_DEBUG" -d"LARGE_MODEL" -ml -v28 --float_support=fpu32 -@"../Debug.lkf" "DSP2833x_CodeStartBranch.asm"

[DSP2833x_CpuTimers.c] "C:\Program Files\C2000 Code Generation Tools 5.0.0 Beta2\bin\cl2000" -g -pdsw225 -fr"E:/My Designs/C/ms5540/Debug" -i"../include" -d"_DEBUG" -d"LARGE_MODEL" -ml -v28 --float_support=fpu32 -@"../Debug.lkf" "DSP2833x_CpuTimers.c"

[DSP2833x_DefaultIsr.c] "C:\Program Files\C2000 Code Generation Tools 5.0.0 Beta2\bin\cl2000" -g -pdsw225 -fr"E:/My Designs/C/ms5540/Debug" -i"../include" -d"_DEBUG" -d"LARGE_MODEL" -ml -v28 --float_support=fpu32 -@"../Debug.lkf" "DSP2833x_DefaultIsr.c"

[DSP2833x_GlobalVariableDefs.c] "C:\Program Files\C2000 Code Generation Tools 5.0.0 Beta2\bin\cl2000" -g -pdsw225 -fr"E:/My Designs/C/ms5540/Debug" -i"../include" -d"_DEBUG" -d"LARGE_MODEL" -ml -v28 --float_support=fpu32 -@"../Debug.lkf" "DSP2833x_GlobalVariableDefs.c"

[DSP2833x_PieCtrl.c] "C:\Program Files\C2000 Code Generation Tools 5.0.0 Beta2\bin\cl2000" -g -pdsw225 -fr"E:/My Designs/C/ms5540/Debug" -i"../include" -d"_DEBUG" -d"LARGE_MODEL" -ml -v28 --float_support=fpu32 -@"../Debug.lkf" "DSP2833x_PieCtrl.c"

[DSP2833x_PieVect.c] "C:\Program Files\C2000 Code Generation Tools 5.0.0 Beta2\bin\cl2000" -g -pdsw225 -fr"E:/My Designs/C/ms5540/Debug" -i"../include" -d"_DEBUG" -d"LARGE_MODEL" -ml -v28 --float_support=fpu32 -@"../Debug.lkf" "DSP2833x_PieVect.c"

[DSP2833x_Spi.c] "C:\Program Files\C2000 Code Generation Tools 5.0.0 Beta2\bin\cl2000" -g -pdsw225 -fr"E:/My Designs/C/ms5540/Debug" -i"../include" -d"_DEBUG" -d"LARGE_MODEL" -ml -v28 --float_support=fpu32 -@"../Debug.lkf" "DSP2833x_Spi.c"

[DSP2833x_SysCtrl.c] "C:\Program Files\C2000 Code Generation Tools 5.0.0 Beta2\bin\cl2000" -g -pdsw225 -fr"E:/My Designs/C/ms5540/Debug" -i"../include" -d"_DEBUG" -d"LARGE_MODEL" -ml -v28 --float_support=fpu32 -@"../Debug.lkf" "DSP2833x_SysCtrl.c"

[DSP2833x_usDelay.asm] "C:\Program Files\C2000 Code Generation Tools 5.0.0 Beta2\bin\cl2000" -g -pdsw225 -fr"E:/My Designs/C/ms5540/Debug" -i"../include" -d"_DEBUG" -d"LARGE_MODEL" -ml -v28 --float_support=fpu32 -@"../Debug.lkf" "DSP2833x_usDelay.asm"

[DSP2833x_Xintf.c] "C:\Program Files\C2000 Code Generation Tools 5.0.0 Beta2\bin\cl2000" -g -pdsw225 -fr"E:/My Designs/C/ms5540/Debug" -i"../include" -d"_DEBUG" -d"LARGE_MODEL" -ml -v28 --float_support=fpu32 -@"../Debug.lkf" "DSP2833x_Xintf.c"

[gpio.c] "C:\Program Files\C2000 Code Generation Tools 5.0.0 Beta2\bin\cl2000" -g -pdsw225 -fr"E:/My Designs/C/ms5540/Debug" -i"../include" -d"_DEBUG" -d"LARGE_MODEL" -ml -v28 --float_support=fpu32 -@"../Debug.lkf" "gpio.c"

[ms5540.c] "C:\Program Files\C2000 Code Generation Tools 5.0.0 Beta2\bin\cl2000" -g -pdsw225 -fr"E:/My Designs/C/ms5540/Debug" -i"../include" -d"_DEBUG" -d"LARGE_MODEL" -ml -v28 --float_support=fpu32 -@"../Debug.lkf" "ms5540.c"

[pwm.c] "C:\Program Files\C2000 Code Generation Tools 5.0.0 Beta2\bin\cl2000" -g -pdsw225 -fr"E:/My Designs/C/ms5540/Debug" -i"../include" -d"_DEBUG" -d"LARGE_MODEL" -ml -v28 --float_support=fpu32 -@"../Debug.lkf" "pwm.c"

[Linking...] "C:\Program Files\C2000 Code Generation Tools 5.0.0 Beta2\bin\cl2000" -@"Debug.lkf"
<Linking>
>> warning: entry point other than _c_int00 specified

Build Complete,
  0 Errors, 1 Warnings, 0 Remarks.
